Starting with 1 threads

PLAY [Kill project processes on all machines] **********************************

TASK [Gathering Facts] *********************************************************
ok: [node0]
ok: [node3]
ok: [node1]
ok: [node4]
ok: [node2]

TASK [Kill project processes on all machines] **********************************
changed: [node0]
changed: [node3]
changed: [node1]
changed: [node4]
changed: [node2]

PLAY RECAP *********************************************************************
node0                      : ok=2    changed=1    unreachable=0    failed=0   
node1                      : ok=2    changed=1    unreachable=0    failed=0   
node2                      : ok=2    changed=1    unreachable=0    failed=0   
node3                      : ok=2    changed=1    unreachable=0    failed=0   
node4                      : ok=2    changed=1    unreachable=0    failed=0   


PLAY [Start scenario] **********************************************************

TASK [Gathering Facts] *********************************************************
ok: [node1]
ok: [node0]
ok: [node2]
ok: [node4]
ok: [node3]

PLAY [Get hosts file from master] **********************************************

TASK [Gathering Facts] *********************************************************
ok: [node0]
ok: [node2]
ok: [node3]
ok: [node1]
ok: [node4]

TASK [Transfer ownership to loukis] ********************************************
changed: [node0]
changed: [node2]
changed: [node3]
changed: [node4]
changed: [node1]

TASK [Fetch file hosts from node 0 (master node)] ******************************
changed: [node0]
changed: [node2]
changed: [node3]
changed: [node4]
changed: [node1]

TASK [Fetch file config from node 0 (master node)] *****************************
changed: [node0]
changed: [node2]
changed: [node3]
changed: [node4]
changed: [node1]

TASK [Remove output files] *****************************************************
ok: [node0]
changed: [node4]
changed: [node3]
ok: [node1]
changed: [node2]

TASK [Remove error files] ******************************************************
ok: [node0]
changed: [node2]
changed: [node3]
changed: [node4]
ok: [node1]

TASK [Remove experiment files] *************************************************
ok: [node0]
changed: [node3]
changed: [node2]
changed: [node4]
ok: [node1]

TASK [Remove experiment files] *************************************************
ok: [node0]
ok: [node2]
ok: [node3]
ok: [node4]
changed: [node1]

TASK [Kill project processes on all machines] **********************************
changed: [node0]
changed: [node2]
changed: [node3]
changed: [node4]
changed: [node1]

PLAY [Start normal servers] ****************************************************

TASK [Gathering Facts] *********************************************************
ok: [node3]
ok: [node2]
ok: [node4]

TASK [Start server] ************************************************************
changed: [node2]
changed: [node3]
changed: [node4]

PLAY [Start mute servers] ******************************************************
skipping: no hosts matched

PLAY [Start malicious servers] *************************************************
skipping: no hosts matched

PLAY [Start half_and_half servers] *********************************************
skipping: no hosts matched

PLAY [Start automated clients. Interactive clients should be started manually] ***

TASK [Gathering Facts] *********************************************************
ok: [node1]

TASK [Start client] ************************************************************
changed: [node1]

PLAY RECAP *********************************************************************
node0                      : ok=10   changed=4    unreachable=0    failed=0   
node1                      : ok=12   changed=6    unreachable=0    failed=0   
node2                      : ok=12   changed=8    unreachable=0    failed=0   
node3                      : ok=12   changed=8    unreachable=0    failed=0   
node4                      : ok=12   changed=8    unreachable=0    failed=0   

Waiting for clients to finish...
Node node1 is not done
Starting with 2 threads

PLAY [Kill project processes on all machines] **********************************

TASK [Gathering Facts] *********************************************************
ok: [node0]
ok: [node2]
ok: [node4]
ok: [node3]
ok: [node1]

TASK [Kill project processes on all machines] **********************************
changed: [node0]
changed: [node2]
changed: [node4]
changed: [node3]
changed: [node1]

PLAY RECAP *********************************************************************
node0                      : ok=2    changed=1    unreachable=0    failed=0   
node1                      : ok=2    changed=1    unreachable=0    failed=0   
node2                      : ok=2    changed=1    unreachable=0    failed=0   
node3                      : ok=2    changed=1    unreachable=0    failed=0   
node4                      : ok=2    changed=1    unreachable=0    failed=0   


PLAY [Start scenario] **********************************************************

TASK [Gathering Facts] *********************************************************
ok: [node1]
ok: [node4]
ok: [node2]
ok: [node3]
ok: [node0]

PLAY [Get hosts file from master] **********************************************

TASK [Gathering Facts] *********************************************************
ok: [node0]
ok: [node2]
ok: [node4]
ok: [node3]
ok: [node1]

TASK [Transfer ownership to loukis] ********************************************
changed: [node2]
changed: [node0]
changed: [node1]
changed: [node3]
changed: [node4]

TASK [Fetch file hosts from node 0 (master node)] ******************************
changed: [node0]
changed: [node2]
changed: [node1]
changed: [node3]
changed: [node4]

TASK [Fetch file config from node 0 (master node)] *****************************
changed: [node1]
changed: [node0]
changed: [node2]
changed: [node3]
changed: [node4]

TASK [Remove output files] *****************************************************
changed: [node4]
ok: [node1]
changed: [node3]
ok: [node0]
changed: [node2]

TASK [Remove error files] ******************************************************
ok: [node0]
changed: [node2]
ok: [node1]
changed: [node3]
changed: [node4]

TASK [Remove experiment files] *************************************************
ok: [node0]
changed: [node2]
ok: [node1]
changed: [node4]
changed: [node3]

TASK [Remove experiment files] *************************************************
ok: [node0]
ok: [node3]
ok: [node2]
changed: [node1]
ok: [node4]

TASK [Kill project processes on all machines] **********************************
changed: [node0]
changed: [node1]
changed: [node2]
changed: [node3]
changed: [node4]

PLAY [Start normal servers] ****************************************************

TASK [Gathering Facts] *********************************************************
ok: [node3]
ok: [node4]
ok: [node2]

TASK [Start server] ************************************************************
changed: [node2]
changed: [node3]
changed: [node4]

PLAY [Start mute servers] ******************************************************
skipping: no hosts matched

PLAY [Start malicious servers] *************************************************
skipping: no hosts matched

PLAY [Start half_and_half servers] *********************************************
skipping: no hosts matched

PLAY [Start automated clients. Interactive clients should be started manually] ***

TASK [Gathering Facts] *********************************************************
ok: [node1]

TASK [Start client] ************************************************************
changed: [node1]

PLAY RECAP *********************************************************************
node0                      : ok=10   changed=4    unreachable=0    failed=0   
node1                      : ok=12   changed=6    unreachable=0    failed=0   
node2                      : ok=12   changed=8    unreachable=0    failed=0   
node3                      : ok=12   changed=8    unreachable=0    failed=0   
node4                      : ok=12   changed=8    unreachable=0    failed=0   

Waiting for clients to finish...
Waiting for clients to finish...
Node node1 is not done
Starting with 3 threads

PLAY [Kill project processes on all machines] **********************************

TASK [Gathering Facts] *********************************************************
ok: [node2]
ok: [node1]
ok: [node0]
ok: [node3]
ok: [node4]

TASK [Kill project processes on all machines] **********************************
changed: [node0]
changed: [node2]
changed: [node4]
changed: [node3]
changed: [node1]

PLAY RECAP *********************************************************************
node0                      : ok=2    changed=1    unreachable=0    failed=0   
node1                      : ok=2    changed=1    unreachable=0    failed=0   
node2                      : ok=2    changed=1    unreachable=0    failed=0   
node3                      : ok=2    changed=1    unreachable=0    failed=0   
node4                      : ok=2    changed=1    unreachable=0    failed=0   


PLAY [Start scenario] **********************************************************

TASK [Gathering Facts] *********************************************************
ok: [node4]
ok: [node3]
ok: [node0]
ok: [node2]
ok: [node1]

PLAY [Get hosts file from master] **********************************************

TASK [Gathering Facts] *********************************************************
ok: [node2]
ok: [node0]
ok: [node4]
ok: [node1]
ok: [node3]

TASK [Transfer ownership to loukis] ********************************************
changed: [node1]
changed: [node3]
changed: [node4]
changed: [node0]
changed: [node2]

TASK [Fetch file hosts from node 0 (master node)] ******************************
changed: [node2]
changed: [node3]
changed: [node1]
changed: [node0]
changed: [node4]

TASK [Fetch file config from node 0 (master node)] *****************************
changed: [node2]
changed: [node4]
changed: [node3]
changed: [node0]
changed: [node1]

TASK [Remove output files] *****************************************************
changed: [node4]
ok: [node1]
ok: [node0]
changed: [node2]
changed: [node3]

TASK [Remove error files] ******************************************************
changed: [node2]
ok: [node0]
changed: [node4]
changed: [node3]
ok: [node1]

TASK [Remove experiment files] *************************************************
changed: [node3]
changed: [node2]
changed: [node4]
ok: [node0]
ok: [node1]

TASK [Remove experiment files] *************************************************
ok: [node3]
ok: [node2]
ok: [node4]
changed: [node1]
ok: [node0]

TASK [Kill project processes on all machines] **********************************
changed: [node2]
changed: [node3]
changed: [node4]
changed: [node0]
changed: [node1]

PLAY [Start normal servers] ****************************************************

TASK [Gathering Facts] *********************************************************
ok: [node2]
ok: [node4]
ok: [node3]

TASK [Start server] ************************************************************
changed: [node2]
changed: [node3]
changed: [node4]

PLAY [Start mute servers] ******************************************************
skipping: no hosts matched

PLAY [Start malicious servers] *************************************************
skipping: no hosts matched

PLAY [Start half_and_half servers] *********************************************
skipping: no hosts matched

PLAY [Start automated clients. Interactive clients should be started manually] ***

TASK [Gathering Facts] *********************************************************
ok: [node1]

TASK [Start client] ************************************************************
changed: [node1]

PLAY RECAP *********************************************************************
node0                      : ok=10   changed=4    unreachable=0    failed=0   
node1                      : ok=12   changed=6    unreachable=0    failed=0   
node2                      : ok=12   changed=8    unreachable=0    failed=0   
node3                      : ok=12   changed=8    unreachable=0    failed=0   
node4                      : ok=12   changed=8    unreachable=0    failed=0   

Waiting for clients to finish...
Waiting for clients to finish...
Waiting for clients to finish...
Waiting for clients to finish...
Waiting for clients to finish...
Node node1 is not done
Starting with 4 threads

PLAY [Kill project processes on all machines] **********************************

TASK [Gathering Facts] *********************************************************
ok: [node4]
ok: [node0]
ok: [node2]
ok: [node3]
ok: [node1]

TASK [Kill project processes on all machines] **********************************
changed: [node0]
changed: [node3]
changed: [node2]
changed: [node1]
changed: [node4]

PLAY RECAP *********************************************************************
node0                      : ok=2    changed=1    unreachable=0    failed=0   
node1                      : ok=2    changed=1    unreachable=0    failed=0   
node2                      : ok=2    changed=1    unreachable=0    failed=0   
node3                      : ok=2    changed=1    unreachable=0    failed=0   
node4                      : ok=2    changed=1    unreachable=0    failed=0   


PLAY [Start scenario] **********************************************************

TASK [Gathering Facts] *********************************************************
ok: [node0]
ok: [node3]
ok: [node4]
ok: [node1]
ok: [node2]

PLAY [Get hosts file from master] **********************************************

TASK [Gathering Facts] *********************************************************
ok: [node2]
ok: [node0]
ok: [node1]
ok: [node4]
ok: [node3]

TASK [Transfer ownership to loukis] ********************************************
changed: [node4]
changed: [node1]
changed: [node3]
changed: [node2]
changed: [node0]

TASK [Fetch file hosts from node 0 (master node)] ******************************
changed: [node3]
changed: [node2]
changed: [node0]
changed: [node4]
changed: [node1]

TASK [Fetch file config from node 0 (master node)] *****************************
changed: [node3]
changed: [node2]
changed: [node0]
changed: [node4]
changed: [node1]

TASK [Remove output files] *****************************************************
ok: [node0]
ok: [node1]
changed: [node2]
changed: [node4]
changed: [node3]

TASK [Remove error files] ******************************************************
changed: [node2]
changed: [node3]
changed: [node4]
ok: [node0]
ok: [node1]

TASK [Remove experiment files] *************************************************
changed: [node2]
changed: [node4]
changed: [node3]
ok: [node0]
ok: [node1]

TASK [Remove experiment files] *************************************************
ok: [node2]
ok: [node0]
ok: [node4]
ok: [node3]
changed: [node1]

TASK [Kill project processes on all machines] **********************************
changed: [node2]
changed: [node3]
changed: [node4]
changed: [node1]
changed: [node0]

PLAY [Start normal servers] ****************************************************

TASK [Gathering Facts] *********************************************************
ok: [node3]
ok: [node2]
ok: [node4]

TASK [Start server] ************************************************************
changed: [node3]
changed: [node4]
changed: [node2]

PLAY [Start mute servers] ******************************************************
skipping: no hosts matched

PLAY [Start malicious servers] *************************************************
skipping: no hosts matched

PLAY [Start half_and_half servers] *********************************************
skipping: no hosts matched

PLAY [Start automated clients. Interactive clients should be started manually] ***

TASK [Gathering Facts] *********************************************************
ok: [node1]

TASK [Start client] ************************************************************
changed: [node1]

PLAY RECAP *********************************************************************
node0                      : ok=10   changed=4    unreachable=0    failed=0   
node1                      : ok=12   changed=6    unreachable=0    failed=0   
node2                      : ok=12   changed=8    unreachable=0    failed=0   
node3                      : ok=12   changed=8    unreachable=0    failed=0   
node4                      : ok=12   changed=8    unreachable=0    failed=0   

Waiting for clients to finish...
Waiting for clients to finish...
Waiting for clients to finish...
Waiting for clients to finish...
Waiting for clients to finish...
Waiting for clients to finish...
Waiting for clients to finish...
Waiting for clients to finish...
Waiting for clients to finish...
Waiting for clients to finish...
Waiting for clients to finish...
Waiting for clients to finish...
Node node1 is not done
Starting with 5 threads

PLAY [Kill project processes on all machines] **********************************

TASK [Gathering Facts] *********************************************************
ok: [node4]
ok: [node0]
ok: [node2]
ok: [node3]
ok: [node1]

TASK [Kill project processes on all machines] **********************************
changed: [node0]
changed: [node1]
changed: [node2]
changed: [node3]
changed: [node4]

PLAY RECAP *********************************************************************
node0                      : ok=2    changed=1    unreachable=0    failed=0   
node1                      : ok=2    changed=1    unreachable=0    failed=0   
node2                      : ok=2    changed=1    unreachable=0    failed=0   
node3                      : ok=2    changed=1    unreachable=0    failed=0   
node4                      : ok=2    changed=1    unreachable=0    failed=0   


PLAY [Start scenario] **********************************************************

TASK [Gathering Facts] *********************************************************
ok: [node2]
ok: [node1]
ok: [node0]
ok: [node3]
ok: [node4]

PLAY [Get hosts file from master] **********************************************

TASK [Gathering Facts] *********************************************************
ok: [node2]
ok: [node0]
ok: [node3]
ok: [node1]
ok: [node4]

TASK [Transfer ownership to loukis] ********************************************
changed: [node0]
changed: [node4]
changed: [node2]
changed: [node1]
changed: [node3]

TASK [Fetch file hosts from node 0 (master node)] ******************************
changed: [node0]
changed: [node2]
changed: [node3]
changed: [node4]
changed: [node1]

TASK [Fetch file config from node 0 (master node)] *****************************
changed: [node0]
changed: [node2]
changed: [node3]
changed: [node4]
changed: [node1]

TASK [Remove output files] *****************************************************
ok: [node0]
changed: [node4]
changed: [node3]
ok: [node1]
changed: [node2]

TASK [Remove error files] ******************************************************
ok: [node0]
changed: [node2]
changed: [node3]
changed: [node4]
ok: [node1]

TASK [Remove experiment files] *************************************************
ok: [node0]
changed: [node2]
changed: [node3]
changed: [node4]
ok: [node1]

TASK [Remove experiment files] *************************************************
ok: [node0]
ok: [node3]
ok: [node4]
ok: [node2]
changed: [node1]

TASK [Kill project processes on all machines] **********************************
changed: [node0]
changed: [node2]
changed: [node3]
changed: [node4]
changed: [node1]

PLAY [Start normal servers] ****************************************************

TASK [Gathering Facts] *********************************************************
ok: [node2]
ok: [node3]
ok: [node4]

TASK [Start server] ************************************************************
changed: [node2]
changed: [node4]
changed: [node3]

PLAY [Start mute servers] ******************************************************
skipping: no hosts matched

PLAY [Start malicious servers] *************************************************
skipping: no hosts matched

PLAY [Start half_and_half servers] *********************************************
skipping: no hosts matched

PLAY [Start automated clients. Interactive clients should be started manually] ***

TASK [Gathering Facts] *********************************************************
ok: [node1]

TASK [Start client] ************************************************************
changed: [node1]

PLAY RECAP *********************************************************************
node0                      : ok=10   changed=4    unreachable=0    failed=0   
node1                      : ok=12   changed=6    unreachable=0    failed=0   
node2                      : ok=12   changed=8    unreachable=0    failed=0   
node3                      : ok=12   changed=8    unreachable=0    failed=0   
node4                      : ok=12   changed=8    unreachable=0    failed=0   

Waiting for clients to finish...
Waiting for clients to finish...
Waiting for clients to finish...
Waiting for clients to finish...
Waiting for clients to finish...
Waiting for clients to finish...
Waiting for clients to finish...
Waiting for clients to finish...
Waiting for clients to finish...
Waiting for clients to finish...
Waiting for clients to finish...
Waiting for clients to finish...
Waiting for clients to finish...
Waiting for clients to finish...
Waiting for clients to finish...
Waiting for clients to finish...
Waiting for clients to finish...
Waiting for clients to finish...
Waiting for clients to finish...
Waiting for clients to finish...
Waiting for clients to finish...
Waiting for clients to finish...
Waiting for clients to finish...
Waiting for clients to finish...
Waiting for clients to finish...
Waiting for clients to finish...
Waiting for clients to finish...
Waiting for clients to finish...
Node node1 is not done
